<?xml version="1.0" encoding="UTF-8"?>
<robot generator="Robot 7.0 (Python 3.11.6 on win32)" generated="2024-05-13T21:23:17.627613" rpa="false" schemaversion="5">
<suite id="s1" name="exitoFeature" source="C:\Users\gabri\PycharmProjects\python_cucumber\Robotframework\Robotframework_exito\TestCases\exitoFeature.robot">
<test id="s1-t1" name="Realizar una compra por la pagina del Exito" line="9">
<kw name="Abrir Navegador">
<kw name="Open Browser" owner="SeleniumLibrary">
<msg time="2024-05-13T21:23:18.025925" level="INFO">Opening browser 'chrome' to base url 'https://www.exito.com/'.</msg>
<arg>${url}</arg>
<arg>${browser}</arg>
<doc>Opens a new browser instance to the optional ``url``.</doc>
<status status="PASS" start="2024-05-13T21:23:18.025925" elapsed="27.469589"/>
</kw>
<kw name="Maximize Browser Window" owner="SeleniumLibrary">
<doc>Maximizes current browser window.</doc>
<status status="PASS" start="2024-05-13T21:23:45.496514" elapsed="0.308940"/>
</kw>
<status status="PASS" start="2024-05-13T21:23:18.024878" elapsed="27.781444"/>
</kw>
<kw name="Buscar un producto">
<kw name="Input Text" owner="SeleniumLibrary">
<msg time="2024-05-13T21:23:45.833248" level="INFO">Typing text 'Jabon' into text field 'xpath:/html/body/div[1]/header/section/div/div[1]/div[2]/form/input'.</msg>
<arg>xpath:/html/body/div[1]/header/section/div/div[1]/div[2]/form/input</arg>
<arg>Jabon</arg>
<doc>Types the given ``text`` into the text field identified by ``locator``.</doc>
<status status="PASS" start="2024-05-13T21:23:45.832265" elapsed="0.367829"/>
</kw>
<kw name="Click Element" owner="SeleniumLibrary">
<msg time="2024-05-13T21:23:46.201090" level="INFO">Clicking element 'xpath:/html/body/div[1]/header/section/div/div[1]/div[2]/form/button/span'.</msg>
<arg>xpath:/html/body/div[1]/header/section/div/div[1]/div[2]/form/button/span</arg>
<doc>Click the element identified by ``locator``.</doc>
<status status="PASS" start="2024-05-13T21:23:46.200094" elapsed="0.201568"/>
</kw>
<kw name="Wait Until Element Is Visible" owner="SeleniumLibrary">
<msg time="2024-05-13T21:23:50.493867" level="INFO">Suppressing StaleElementReferenceException from Selenium.</msg>
<arg>xpath://*[@id="__next"]/main/section[3]/div/div[2]/div[2]/div[2]/ul/li[1]/article/div/div[3]/button</arg>
<arg>10</arg>
<doc>Waits until the element ``locator`` is visible.</doc>
<status status="PASS" start="2024-05-13T21:23:46.401662" elapsed="4.331764"/>
</kw>
<kw name="Execute Javascript" owner="SeleniumLibrary">
<msg time="2024-05-13T21:23:50.734531" level="INFO">Executing JavaScript:
window.scrollBy(0, 500)
Without any arguments.</msg>
<arg>window.scrollBy(0, 500)</arg>
<doc>Executes the given JavaScript code with possible arguments.</doc>
<status status="PASS" start="2024-05-13T21:23:50.733426" elapsed="0.015341"/>
</kw>
<kw name="Click Element" owner="SeleniumLibrary">
<msg time="2024-05-13T21:23:50.749811" level="INFO">Clicking element 'xpath=//body[@class='exito-theme']/div[1]/main/section[3]/div/div[2]/div[2]/div[2]/ul/li/article/div[1]/div[3]/button[1]/span[1]'.</msg>
<arg>xpath=//body[@class='exito-theme']/div[1]/main/section[3]/div/div[2]/div[2]/div[2]/ul/li/article/div[1]/div[3]/button[1]/span[1]</arg>
<doc>Click the element identified by ``locator``.</doc>
<status status="PASS" start="2024-05-13T21:23:50.748767" elapsed="0.302683"/>
</kw>
<doc>Como usuario, quiero poder buscar un producto en la pagina del exito</doc>
<status status="PASS" start="2024-05-13T21:23:45.828265" elapsed="5.223185"/>
</kw>
<kw name="Seleccionar informacion recoger">
<kw name="Wait Until Element Is Visible" owner="SeleniumLibrary">
<arg>xpath://*[@id="react-select-2-input"]</arg>
<arg>10</arg>
<doc>Waits until the element ``locator`` is visible.</doc>
<status status="PASS" start="2024-05-13T21:23:51.053445" elapsed="3.559967"/>
</kw>
<kw name="Click Element" owner="SeleniumLibrary">
<msg time="2024-05-13T21:23:54.615405" level="INFO">Clicking element 'xpath://*[@id="react-select-2-input"]'.</msg>
<arg>xpath://*[@id="react-select-2-input"]</arg>
<doc>Click the element identified by ``locator``.</doc>
<status status="PASS" start="2024-05-13T21:23:54.614409" elapsed="0.135847"/>
</kw>
<kw name="Input Text" owner="SeleniumLibrary">
<msg time="2024-05-13T21:23:54.750256" level="INFO">Typing text 'Villavicencio' into text field 'xpath://*[@id="react-select-2-input"]'.</msg>
<arg>xpath://*[@id="react-select-2-input"]</arg>
<arg>Villavicencio</arg>
<doc>Types the given ``text`` into the text field identified by ``locator``.</doc>
<status status="PASS" start="2024-05-13T21:23:54.750256" elapsed="0.246954"/>
</kw>
<kw name="Press Keys" owner="SeleniumLibrary">
<msg time="2024-05-13T21:23:54.998027" level="INFO">Sending key(s) ('ENTER',) to xpath://*[@id="react-select-2-input"] element.</msg>
<msg time="2024-05-13T21:23:55.329326" level="INFO">Pressing special key ENTER to element.</msg>
<msg time="2024-05-13T21:23:55.330326" level="INFO">Releasing special key ENTER.</msg>
<arg>xpath://*[@id="react-select-2-input"]</arg>
<arg>ENTER</arg>
<doc>Simulates the user pressing key(s) to an element or on the active browser.</doc>
<status status="PASS" start="2024-05-13T21:23:54.998027" elapsed="0.397086"/>
</kw>
<kw name="Wait Until Element Is Enabled" owner="SeleniumLibrary">
<arg>xpath://*[@id="react-select-3-input"]</arg>
<arg>10</arg>
<doc>Waits until the element ``locator`` is enabled.</doc>
<status status="PASS" start="2024-05-13T21:23:55.396279" elapsed="0.905313"/>
</kw>
<kw name="Click Element" owner="SeleniumLibrary">
<msg time="2024-05-13T21:23:56.302946" level="INFO">Clicking element 'xpath://*[@id="react-select-3-input"]'.</msg>
<arg>xpath://*[@id="react-select-3-input"]</arg>
<doc>Click the element identified by ``locator``.</doc>
<status status="PASS" start="2024-05-13T21:23:56.301592" elapsed="0.194130"/>
</kw>
<kw name="Input Text" owner="SeleniumLibrary">
<msg time="2024-05-13T21:23:56.497763" level="INFO">Typing text 'Exito Sabana Villavicencio' into text field 'xpath://*[@id="react-select-3-input"]'.</msg>
<arg>xpath://*[@id="react-select-3-input"]</arg>
<arg>Exito Sabana Villavicencio</arg>
<doc>Types the given ``text`` into the text field identified by ``locator``.</doc>
<status status="PASS" start="2024-05-13T21:23:56.496969" elapsed="0.320484"/>
</kw>
<kw name="Press Keys" owner="SeleniumLibrary">
<msg time="2024-05-13T21:23:56.818572" level="INFO">Sending key(s) ('ENTER',) to xpath://*[@id="react-select-3-input"] element.</msg>
<msg time="2024-05-13T21:23:57.131769" level="INFO">Pressing special key ENTER to element.</msg>
<msg time="2024-05-13T21:23:57.131769" level="INFO">Releasing special key ENTER.</msg>
<arg>xpath://*[@id="react-select-3-input"]</arg>
<arg>ENTER</arg>
<doc>Simulates the user pressing key(s) to an element or on the active browser.</doc>
<status status="PASS" start="2024-05-13T21:23:56.817574" elapsed="0.373772"/>
</kw>
<kw name="Wait Until Element Is Enabled" owner="SeleniumLibrary">
<arg>xpath:/html/body/div[4]/div[2]/div/div/div[2]/div/div/div/form/div[3]/button</arg>
<arg>100</arg>
<doc>Waits until the element ``locator`` is enabled.</doc>
<status status="PASS" start="2024-05-13T21:23:57.192377" elapsed="0.070887"/>
</kw>
<kw name="Click Element" owner="SeleniumLibrary">
<msg time="2024-05-13T21:23:57.264260" level="INFO">Clicking element 'xpath:/html/body/div[4]/div[2]/div/div/div[2]/div/div/div/form/div[3]/button'.</msg>
<arg>xpath:/html/body/div[4]/div[2]/div/div/div[2]/div/div/div/form/div[3]/button</arg>
<doc>Click the element identified by ``locator``.</doc>
<status status="PASS" start="2024-05-13T21:23:57.264260" elapsed="0.192935"/>
</kw>
<kw name="Sleep" owner="BuiltIn">
<msg time="2024-05-13T21:24:02.458004" level="INFO">Slept 5 seconds.</msg>
<arg>5s</arg>
<doc>Pauses the test executed for the given time.</doc>
<status status="PASS" start="2024-05-13T21:23:57.457195" elapsed="5.000809"/>
</kw>
<kw name="Wait Until Element Is Visible" owner="SeleniumLibrary">
<arg>xpath=//body[@class='exito-theme']/div[1]/main/section[3]/div/div[2]/div[2]/div[2]/ul/li/article/div[1]/div[3]/button[1]/span[1]</arg>
<arg>10</arg>
<doc>Waits until the element ``locator`` is visible.</doc>
<status status="PASS" start="2024-05-13T21:24:02.458004" elapsed="0.033914"/>
</kw>
<doc>Como usuario, espero el pop up y lleno la informacion de envio para mi compra</doc>
<status status="PASS" start="2024-05-13T21:23:51.052523" elapsed="11.439395"/>
</kw>
<kw name="Agregar producto">
<kw name="Wait Until Element Is Visible" owner="SeleniumLibrary">
<arg>xpath=//*[@id="__next"]/main/section[3]/div/div[2]/div[2]/div[2]/ul/li[1]/article/div/div[3]/button</arg>
<arg>10</arg>
<doc>Waits until the element ``locator`` is visible.</doc>
<status status="PASS" start="2024-05-13T21:24:02.493914" elapsed="0.034906"/>
</kw>
<kw name="Click Element" owner="SeleniumLibrary">
<msg time="2024-05-13T21:24:02.530815" level="INFO">Clicking element 'xpath=//*[@id="__next"]/main/section[3]/div/div[2]/div[2]/div[2]/ul/li[1]/article/div/div[3]/button'.</msg>
<arg>xpath=//*[@id="__next"]/main/section[3]/div/div[2]/div[2]/div[2]/ul/li[1]/article/div/div[3]/button</arg>
<doc>Click the element identified by ``locator``.</doc>
<status status="PASS" start="2024-05-13T21:24:02.529817" elapsed="0.094110"/>
</kw>
<kw name="Click Element" owner="SeleniumLibrary">
<msg time="2024-05-13T21:24:02.624973" level="INFO">Clicking element 'xpath=//*[@id="__next"]/header/section/div/div[2]/div[2]/button/div/div'.</msg>
<arg>xpath=//*[@id="__next"]/header/section/div/div[2]/div[2]/button/div/div</arg>
<doc>Click the element identified by ``locator``.</doc>
<status status="PASS" start="2024-05-13T21:24:02.623927" elapsed="0.104200"/>
</kw>
<kw name="Wait Until Element Is Enabled" owner="SeleniumLibrary">
<arg>xpath=//section[@class='exito-checkout-io-0-x-summaryPayContainer']/div[2]/button</arg>
<arg>100</arg>
<doc>Waits until the element ``locator`` is enabled.</doc>
<status status="PASS" start="2024-05-13T21:24:02.728127" elapsed="6.997036"/>
</kw>
<status status="PASS" start="2024-05-13T21:24:02.492915" elapsed="7.232248"/>
</kw>
<kw name="Iniciar proceso compra">
<kw name="Wait Until Element Is Enabled" owner="SeleniumLibrary">
<arg>xpath://section[@class='exito-checkout-io-0-x-summaryPayContainer']/div[2]/button</arg>
<arg>10</arg>
<doc>Waits until the element ``locator`` is enabled.</doc>
<status status="PASS" start="2024-05-13T21:24:09.727157" elapsed="0.099259"/>
</kw>
<kw name="Click Element" owner="SeleniumLibrary">
<msg time="2024-05-13T21:24:09.826416" level="INFO">Clicking element 'xpath://section[@class='exito-checkout-io-0-x-summaryPayContainer']/div[2]/button'.</msg>
<arg>xpath://section[@class='exito-checkout-io-0-x-summaryPayContainer']/div[2]/button</arg>
<doc>Click the element identified by ``locator``.</doc>
<status status="PASS" start="2024-05-13T21:24:09.826416" elapsed="0.325599"/>
</kw>
<kw name="Wait Until Element Is Visible" owner="SeleniumLibrary">
<arg>xpath://div[@class='exito-checkout-io-0-x-preLoginTab']/div/form/div[4]/input</arg>
<arg>10</arg>
<doc>Waits until the element ``locator`` is visible.</doc>
<status status="PASS" start="2024-05-13T21:24:10.152015" elapsed="0.241901"/>
</kw>
<kw name="Click Element" owner="SeleniumLibrary">
<msg time="2024-05-13T21:24:10.396214" level="INFO">Clicking element 'xpath://div[@class='exito-checkout-io-0-x-preLoginTab']/div/form/div[4]/input'.</msg>
<arg>xpath://div[@class='exito-checkout-io-0-x-preLoginTab']/div/form/div[4]/input</arg>
<doc>Click the element identified by ``locator``.</doc>
<status status="PASS" start="2024-05-13T21:24:10.396214" elapsed="0.329792"/>
</kw>
<kw name="Input Text" owner="SeleniumLibrary">
<msg time="2024-05-13T21:24:10.727053" level="INFO">Typing text 'gabrielareyrincon@gmail.com' into text field 'xpath://div[@class='exito-checkout-io-0-x-preLoginTab']/div/form/div[4]/input'.</msg>
<arg>xpath://div[@class='exito-checkout-io-0-x-preLoginTab']/div/form/div[4]/input</arg>
<arg>gabrielareyrincon@gmail.com</arg>
<doc>Types the given ``text`` into the text field identified by ``locator``.</doc>
<status status="PASS" start="2024-05-13T21:24:10.726006" elapsed="0.695905"/>
</kw>
<kw name="Press Keys" owner="SeleniumLibrary">
<msg time="2024-05-13T21:24:11.422983" level="INFO">Sending key(s) ('ENTER',) to xpath://div[@class='exito-checkout-io-0-x-preLoginTab']/div/form/div[4]/input element.</msg>
<msg time="2024-05-13T21:24:11.740196" level="INFO">Pressing special key ENTER to element.</msg>
<msg time="2024-05-13T21:24:11.740935" level="INFO">Releasing special key ENTER.</msg>
<arg>xpath://div[@class='exito-checkout-io-0-x-preLoginTab']/div/form/div[4]/input</arg>
<arg>ENTER</arg>
<doc>Simulates the user pressing key(s) to an element or on the active browser.</doc>
<status status="PASS" start="2024-05-13T21:24:11.421911" elapsed="0.429144"/>
</kw>
<kw name="Wait Until Element Is Enabled" owner="SeleniumLibrary">
<arg>xpath://*[@class="exito-checkout-io-0-x-preLoginContainer"]/div/div/form/button/i</arg>
<arg>10</arg>
<doc>Waits until the element ``locator`` is enabled.</doc>
<status status="PASS" start="2024-05-13T21:24:11.852052" elapsed="0.053036"/>
</kw>
<kw name="Wait Until Element Is Enabled" owner="SeleniumLibrary">
<arg>xpath://*[@id="render-store.custom.checkout-io"]/div/div[1]/div/div[1]/div/div/div/div[2]/div[3]/div[1]/div[2]/div/article/div/div/div[2]/div/button</arg>
<arg>10</arg>
<doc>Waits until the element ``locator`` is enabled.</doc>
<status status="PASS" start="2024-05-13T21:24:11.908035" elapsed="1.591077"/>
</kw>
<kw name="Click Element" owner="SeleniumLibrary">
<msg time="2024-05-13T21:24:13.499112" level="INFO">Clicking element 'xpath://*[@id="render-store.custom.checkout-io"]/div/div[1]/div/div[1]/div/div/div/div[2]/div[3]/div[1]/div[2]/div/article/div/div/div[2]/div/button'.</msg>
<arg>xpath://*[@id="render-store.custom.checkout-io"]/div/div[1]/div/div[1]/div/div/div/div[2]/div[3]/div[1]/div[2]/div/article/div/div/div[2]/div/button</arg>
<doc>Click the element identified by ``locator``.</doc>
<status status="PASS" start="2024-05-13T21:24:13.499112" elapsed="0.114314"/>
</kw>
<kw name="Wait Until Element Is Enabled" owner="SeleniumLibrary">
<arg>xpath://*[@id="render-store.custom.checkout-io"]/div/div[1]/div/div[1]/div/div/div/div[2]/div[3]/section/div[2]/button/div/span[2]</arg>
<arg>1000</arg>
<doc>Waits until the element ``locator`` is enabled.</doc>
<status status="PASS" start="2024-05-13T21:24:13.614431" elapsed="0.039099"/>
</kw>
<kw name="Click Element" owner="SeleniumLibrary">
<msg time="2024-05-13T21:24:13.653530" level="INFO">Clicking element 'xpath://*[@id="render-store.custom.checkout-io"]/div/div[1]/div/div[1]/div/div/div/div[2]/div[3]/section/div[2]/button/div/span[2]'.</msg>
<arg>xpath://*[@id="render-store.custom.checkout-io"]/div/div[1]/div/div[1]/div/div/div/div[2]/div[3]/section/div[2]/button/div/span[2]</arg>
<doc>Click the element identified by ``locator``.</doc>
<status status="PASS" start="2024-05-13T21:24:13.653530" elapsed="1.176726"/>
</kw>
<kw name="Wait Until Element Is Visible" owner="SeleniumLibrary">
<arg>xpath://*[@id="btn-go-to-payment"]</arg>
<arg>100</arg>
<doc>Waits until the element ``locator`` is visible.</doc>
<status status="PASS" start="2024-05-13T21:24:14.830256" elapsed="18.228878"/>
</kw>
<kw name="Execute Javascript" owner="SeleniumLibrary">
<msg time="2024-05-13T21:24:33.060132" level="INFO">Executing JavaScript:
window.scrollBy(0, 500)
Without any arguments.</msg>
<arg>window.scrollBy(0, 500)</arg>
<doc>Executes the given JavaScript code with possible arguments.</doc>
<status status="PASS" start="2024-05-13T21:24:33.059134" elapsed="0.072172"/>
</kw>
<status status="PASS" start="2024-05-13T21:24:09.726253" elapsed="23.406290"/>
</kw>
<kw name="Cerrar navegador">
<kw name="Close Browser" owner="SeleniumLibrary">
<doc>Closes the current browser.</doc>
<status status="PASS" start="2024-05-13T21:24:33.133281" elapsed="2.954934"/>
</kw>
<status status="PASS" start="2024-05-13T21:24:33.132543" elapsed="2.955672"/>
</kw>
<status status="PASS" start="2024-05-13T21:23:18.023976" elapsed="78.066238"/>
</test>
<status status="PASS" start="2024-05-13T21:23:17.629557" elapsed="78.465802"/>
</suite>
<statistics>
<total>
<stat pass="1" fail="0" skip="0">All Tests</stat>
</total>
<tag>
</tag>
<suite>
<stat pass="1" fail="0" skip="0" id="s1" name="exitoFeature">exitoFeature</stat>
</suite>
</statistics>
<errors>
</errors>
</robot>
